<?xml version="1.0" encoding="UTF-8"?>
<testng-results ignored="0" total="1" passed="1" failed="0" skipped="0">
  <reporter-output>
  </reporter-output>
  <suite started-at="2023-12-21T18:58:41 IST" name="Default suite" finished-at="2023-12-21T19:00:46 IST" duration-ms="125170">
    <groups>
    </groups>
    <test started-at="2023-12-21T18:58:41 IST" name="Default test" finished-at="2023-12-21T19:00:46 IST" duration-ms="125170">
      <class name="com.spicejet.testCases.TC01_NavigationToSpiceJetApp">
        <test-method is-config="true" signature="startReport()[pri:0, instance:com.spicejet.testCases.TC01_NavigationToSpiceJetApp@c430e6c]" started-at="2023-12-21T18:58:36 IST" name="startReport" finished-at="2023-12-21T18:58:41 IST" duration-ms="4960" status="PASS">
          <reporter-output>
          </reporter-output>
        </test-method> <!-- startReport -->
        <test-method is-config="true" signature="setup()[pri:0, instance:com.spicejet.testCases.TC01_NavigationToSpiceJetApp@c430e6c]" started-at="2023-12-21T18:58:41 IST" name="setup" finished-at="2023-12-21T18:58:41 IST" duration-ms="7" status="PASS">
          <reporter-output>
          </reporter-output>
        </test-method> <!-- setup -->
        <test-method is-config="true" signature="testDetails()[pri:0, instance:com.spicejet.testCases.TC01_NavigationToSpiceJetApp@c430e6c]" started-at="2023-12-21T18:58:41 IST" name="testDetails" finished-at="2023-12-21T18:58:41 IST" duration-ms="155" status="PASS">
          <reporter-output>
          </reporter-output>
        </test-method> <!-- testDetails -->
        <test-method is-config="true" signature="start()[pri:0, instance:com.spicejet.testCases.TC01_NavigationToSpiceJetApp@c430e6c]" started-at="2023-12-21T18:58:41 IST" name="start" finished-at="2023-12-21T19:00:34 IST" duration-ms="112930" status="PASS">
          <reporter-output>
          </reporter-output>
        </test-method> <!-- start -->
        <test-method signature="TC_01_ValidatingTitle()[pri:0, instance:com.spicejet.testCases.TC01_NavigationToSpiceJetApp@c430e6c]" started-at="2023-12-21T19:00:34 IST" name="TC_01_ValidatingTitle" finished-at="2023-12-21T19:00:46 IST" duration-ms="11683" status="PASS">
          <reporter-output>
          </reporter-output>
        </test-method> <!-- TC_01_ValidatingTitle -->
        <test-method is-config="true" signature="close()[pri:0, instance:com.spicejet.testCases.TC01_NavigationToSpiceJetApp@c430e6c]" started-at="2023-12-21T19:00:46 IST" name="close" finished-at="2023-12-21T19:00:46 IST" duration-ms="1" status="PASS">
          <reporter-output>
          </reporter-output>
        </test-method> <!-- close -->
        <test-method is-config="true" signature="endReport()[pri:0, instance:com.spicejet.testCases.TC01_NavigationToSpiceJetApp@c430e6c]" started-at="2023-12-21T19:00:46 IST" name="endReport" finished-at="2023-12-21T19:00:49 IST" duration-ms="2891" status="PASS">
          <reporter-output>
          </reporter-output>
        </test-method> <!-- endReport -->
      </class> <!-- com.spicejet.testCases.TC01_NavigationToSpiceJetApp -->
    </test> <!-- Default test -->
  </suite> <!-- Default suite -->
</testng-results>
